<?xml version="1.0" encoding="UTF-8"?>
<!-- Generated by org.testng.reporters.JUnitXMLReporter -->
<testsuite hostname="sudhanshu" name="Smoke" tests="1" failures="1" timestamp="24 Oct 2020 10:42:47 GMT" time="64.532" errors="0">
  <testcase name="loginTest" time="0.607" classname="com.actiTime.test.TC_001_LoginPageTest">
    <failure type="java.lang.NullPointerException">
      <![CDATA[java.lang.NullPointerException
	at org.openqa.selenium.support.pagefactory.DefaultElementLocator.findElement(DefaultElementLocator.java:69)
	at org.openqa.selenium.support.pagefactory.internal.LocatingElementHandler.invoke(LocatingElementHandler.java:38)
	at com.sun.proxy.$Proxy11.sendKeys(Unknown Source)
	at com.actiTime.pageObjects.LoginPage.setUserName(LoginPage.java:36)
	at com.actiTime.test.TC_001_LoginPageTest.loginTest(TC_001_LoginPageTest.java:19)
... Removed 24 stack frames]]>
    </failure>
  </testcase> <!-- loginTest -->
</testsuite> <!-- Smoke -->
