<?xml version="1.0" encoding="UTF-8"?>
<testng-results skipped="0" failed="0" ignored="0" total="1" passed="1">
  <reporter-output>
  </reporter-output>
  <suite name="Test Suite" duration-ms="18272" started-at="2020-10-24T18:42:39Z" finished-at="2020-10-24T18:42:58Z">
    <groups>
    </groups>
    <test name="Smoke" duration-ms="18272" started-at="2020-10-24T18:42:39Z" finished-at="2020-10-24T18:42:58Z">
      <class name="com.actiTime.test.TC_001_LoginPageTest">
        <test-method status="PASS" signature="setUp()[pri:0, instance:com.actiTime.test.TC_001_LoginPageTest@49e4cb85]" name="setUp" is-config="true" duration-ms="17314" started-at="2020-10-25T00:12:39Z" finished-at="2020-10-25T00:12:57Z">
          <reporter-output>
          </reporter-output>
        </test-method> <!-- setUp -->
        <test-method status="PASS" signature="loginTest()[pri:0, instance:com.actiTime.test.TC_001_LoginPageTest@49e4cb85]" name="loginTest" duration-ms="740" started-at="2020-10-25T00:12:57Z" finished-at="2020-10-25T00:12:58Z">
          <reporter-output>
          </reporter-output>
        </test-method> <!-- loginTest -->
        <test-method status="PASS" signature="shutDown()[pri:0, instance:com.actiTime.test.TC_001_LoginPageTest@49e4cb85]" name="shutDown" is-config="true" duration-ms="0" started-at="2020-10-25T00:12:58Z" finished-at="2020-10-25T00:12:58Z">
          <reporter-output>
          </reporter-output>
        </test-method> <!-- shutDown -->
      </class> <!-- com.actiTime.test.TC_001_LoginPageTest -->
    </test> <!-- Smoke -->
  </suite> <!-- Test Suite -->
</testng-results>
