<?xml version="1.0" encoding="UTF-8"?>
<testng-results skipped="0" failed="0" total="1" passed="1">
  <reporter-output>
  </reporter-output>
  <suite name="Default suite" duration-ms="30282" started-at="2020-10-24T14:05:45Z" finished-at="2020-10-24T14:06:15Z">
    <groups>
    </groups>
    <test name="Default test" duration-ms="30282" started-at="2020-10-24T14:05:45Z" finished-at="2020-10-24T14:06:15Z">
      <class name="com.actiTime.test.TC_002_CreateNewTask">
        <test-method status="PASS" signature="setUp()[pri:0, instance:com.actiTime.test.TC_002_CreateNewTask@5ba23b66]" name="setUp" is-config="true" duration-ms="22589" started-at="2020-10-24T19:35:45Z" finished-at="2020-10-24T19:36:08Z">
          <reporter-output>
          </reporter-output>
        </test-method> <!-- setUp -->
        <test-method status="PASS" signature="createNewTask()[pri:0, instance:com.actiTime.test.TC_002_CreateNewTask@5ba23b66]" name="createNewTask" duration-ms="7549" started-at="2020-10-24T19:36:08Z" finished-at="2020-10-24T19:36:15Z">
          <reporter-output>
          </reporter-output>
        </test-method> <!-- createNewTask -->
        <test-method status="PASS" signature="shutDown()[pri:0, instance:com.actiTime.test.TC_002_CreateNewTask@5ba23b66]" name="shutDown" is-config="true" duration-ms="1" started-at="2020-10-24T19:36:15Z" finished-at="2020-10-24T19:36:15Z">
          <reporter-output>
          </reporter-output>
        </test-method> <!-- shutDown -->
      </class> <!-- com.actiTime.test.TC_002_CreateNewTask -->
    </test> <!-- Default test -->
  </suite> <!-- Default suite -->
</testng-results>
